<?xml version="1.0" encoding="UTF-8" ?>
<testsuite failures="0" time="0.096" errors="0" skipped="0" tests="4" name="no.donkeylube.donkeyslug.FightingTest">
  <properties>
[...]
</properties>
  <testcase time="0.049" classname="no.donkeylube.donkeyslug.FightingTest" name="playerShouldKillTrainingDummy"/>
  <testcase time="0.019" classname="no.donkeylube.donkeyslug.FightingTest" name="testFightReport"/>
  <testcase time="0.02" classname="no.donkeylube.donkeyslug.FightingTest" name="playerShouldFightsEnemyWhenTryingToMoveToItsLocation"/>
  <testcase time="0.003" classname="no.donkeylube.donkeyslug.FightingTest" name="testPlayerShouldBeAbleToMoveOverDeadEnemies"/>
</testsuite>